0 info it worked if it ends with ok
1 verbose cli [ '/usr/local/bin/node',
1 verbose cli   '/usr/local/bin/npm',
1 verbose cli   'install',
1 verbose cli   'zmq',
1 verbose cli   '--save' ]
2 info using npm@4.0.5
3 info using node@v7.4.0
4 silly loadCurrentTree Starting
5 silly install loadCurrentTree
6 silly install readLocalPackageData
7 silly fetchPackageMetaData zmq
8 silly fetchNamedPackageData zmq
9 silly mapToRegistry name zmq
10 silly mapToRegistry using default registry
11 silly mapToRegistry registry https://registry.npm.taobao.org/
12 silly mapToRegistry data Result {
12 silly mapToRegistry   raw: 'zmq',
12 silly mapToRegistry   scope: null,
12 silly mapToRegistry   escapedName: 'zmq',
12 silly mapToRegistry   name: 'zmq',
12 silly mapToRegistry   rawSpec: '',
12 silly mapToRegistry   spec: 'latest',
12 silly mapToRegistry   type: 'tag' }
13 silly mapToRegistry uri https://registry.npm.taobao.org/zmq
14 verbose request uri https://registry.npm.taobao.org/zmq
15 verbose request no auth needed
16 info attempt registry request try #1 at 17:16:27
17 verbose request id 3fb9a6a4aba32cdc
18 verbose etag "14d17-kBzBU3rNfoWBYwysnBQlx5y220Y"
19 http request GET https://registry.npm.taobao.org/zmq
20 http 304 https://registry.npm.taobao.org/zmq
21 verbose headers { date: 'Fri, 31 Mar 2017 09:16:28 GMT',
21 verbose headers   connection: 'keep-alive',
21 verbose headers   'x-current-requests': '1',
21 verbose headers   etag: '"14d17-kBzBU3rNfoWBYwysnBQlx5y220Y"',
21 verbose headers   'x-readtime': '64' }
22 silly get cb [ 304,
22 silly get   { date: 'Fri, 31 Mar 2017 09:16:28 GMT',
22 silly get     connection: 'keep-alive',
22 silly get     'x-current-requests': '1',
22 silly get     etag: '"14d17-kBzBU3rNfoWBYwysnBQlx5y220Y"',
22 silly get     'x-readtime': '64' } ]
23 verbose etag https://registry.npm.taobao.org/zmq from cache
24 verbose get saving zmq to /Users/kakachan/.npm/registry.npm.taobao.org/zmq/.cache.json
25 verbose correctMkdir /Users/kakachan/.npm correctMkdir not in flight; initializing
26 silly install normalizeTree
27 silly loadCurrentTree Finishing
28 silly loadIdealTree Starting
29 silly install loadIdealTree
30 silly cloneCurrentTree Starting
31 silly install cloneCurrentTreeToIdealTree
32 silly cloneCurrentTree Finishing
33 silly loadShrinkwrap Starting
34 silly install loadShrinkwrap
35 silly loadShrinkwrap Finishing
36 silly loadAllDepsIntoIdealTree Starting
37 silly install loadAllDepsIntoIdealTree
38 silly resolveWithNewModule zmq@2.15.3 checking installable status
39 silly cache add args [ 'zmq', null ]
40 verbose cache add spec zmq
41 silly cache add parsed spec Result {
41 silly cache add   raw: 'zmq',
41 silly cache add   scope: null,
41 silly cache add   escapedName: 'zmq',
41 silly cache add   name: 'zmq',
41 silly cache add   rawSpec: '',
41 silly cache add   spec: 'latest',
41 silly cache add   type: 'tag' }
42 silly addNamed zmq@latest
43 verbose addNamed "latest" is being treated as a dist-tag for zmq
44 info addNameTag [ 'zmq', 'latest' ]
45 silly mapToRegistry name zmq
46 silly mapToRegistry using default registry
47 silly mapToRegistry registry https://registry.npm.taobao.org/
48 silly mapToRegistry data Result {
48 silly mapToRegistry   raw: 'zmq',
48 silly mapToRegistry   scope: null,
48 silly mapToRegistry   escapedName: 'zmq',
48 silly mapToRegistry   name: 'zmq',
48 silly mapToRegistry   rawSpec: '',
48 silly mapToRegistry   spec: 'latest',
48 silly mapToRegistry   type: 'tag' }
49 silly mapToRegistry uri https://registry.npm.taobao.org/zmq
50 verbose addNameTag registry:https://registry.npm.taobao.org/zmq not in flight; fetching
51 verbose get https://registry.npm.taobao.org/zmq not expired, no request
52 silly addNameTag next cb for zmq with tag latest
53 silly addNamed zmq@2.15.3
54 verbose addNamed "2.15.3" is a plain semver version for zmq
55 silly cache afterAdd zmq@2.15.3
56 verbose afterAdd /Users/kakachan/.npm/zmq/2.15.3/package/package.json not in flight; writing
57 verbose correctMkdir /Users/kakachan/.npm correctMkdir not in flight; initializing
58 verbose afterAdd /Users/kakachan/.npm/zmq/2.15.3/package/package.json written
59 silly fetchNamedPackageData nan
60 silly mapToRegistry name nan
61 silly mapToRegistry using default registry
62 silly mapToRegistry registry https://registry.npm.taobao.org/
63 silly mapToRegistry data Result {
63 silly mapToRegistry   raw: 'nan',
63 silly mapToRegistry   scope: null,
63 silly mapToRegistry   escapedName: 'nan',
63 silly mapToRegistry   name: 'nan',
63 silly mapToRegistry   rawSpec: '',
63 silly mapToRegistry   spec: 'latest',
63 silly mapToRegistry   type: 'tag' }
64 silly mapToRegistry uri https://registry.npm.taobao.org/nan
65 silly fetchNamedPackageData bindings
66 silly mapToRegistry name bindings
67 silly mapToRegistry using default registry
68 silly mapToRegistry registry https://registry.npm.taobao.org/
69 silly mapToRegistry data Result {
69 silly mapToRegistry   raw: 'bindings',
69 silly mapToRegistry   scope: null,
69 silly mapToRegistry   escapedName: 'bindings',
69 silly mapToRegistry   name: 'bindings',
69 silly mapToRegistry   rawSpec: '',
69 silly mapToRegistry   spec: 'latest',
69 silly mapToRegistry   type: 'tag' }
70 silly mapToRegistry uri https://registry.npm.taobao.org/bindings
71 verbose request uri https://registry.npm.taobao.org/bindings
72 verbose request no auth needed
73 info attempt registry request try #1 at 17:16:28
74 verbose etag "4cdd-fv0/LYzZgxuF6YqlB7IK6AfQ3J4"
75 http request GET https://registry.npm.taobao.org/bindings
76 verbose request uri https://registry.npm.taobao.org/nan
77 verbose request no auth needed
78 info attempt registry request try #1 at 17:16:28
79 verbose etag "2034b-izWtk3HEVyjqKKQU3IomceWcPsk"
80 http request GET https://registry.npm.taobao.org/nan
81 http 304 https://registry.npm.taobao.org/bindings
82 verbose headers { date: 'Fri, 31 Mar 2017 09:16:28 GMT',
82 verbose headers   connection: 'keep-alive',
82 verbose headers   'x-current-requests': '1',
82 verbose headers   etag: '"4cdd-fv0/LYzZgxuF6YqlB7IK6AfQ3J4"',
82 verbose headers   'x-readtime': '78' }
83 silly get cb [ 304,
83 silly get   { date: 'Fri, 31 Mar 2017 09:16:28 GMT',
83 silly get     connection: 'keep-alive',
83 silly get     'x-current-requests': '1',
83 silly get     etag: '"4cdd-fv0/LYzZgxuF6YqlB7IK6AfQ3J4"',
83 silly get     'x-readtime': '78' } ]
84 verbose etag https://registry.npm.taobao.org/bindings from cache
85 verbose get saving bindings to /Users/kakachan/.npm/registry.npm.taobao.org/bindings/.cache.json
86 verbose correctMkdir /Users/kakachan/.npm correctMkdir not in flight; initializing
87 silly resolveWithNewModule bindings@1.2.1 checking installable status
88 silly cache add args [ 'bindings@~1.2.1', null ]
89 verbose cache add spec bindings@~1.2.1
90 silly cache add parsed spec Result {
90 silly cache add   raw: 'bindings@~1.2.1',
90 silly cache add   scope: null,
90 silly cache add   escapedName: 'bindings',
90 silly cache add   name: 'bindings',
90 silly cache add   rawSpec: '~1.2.1',
90 silly cache add   spec: '>=1.2.1 <1.3.0',
90 silly cache add   type: 'range' }
91 silly addNamed bindings@>=1.2.1 <1.3.0
92 verbose addNamed ">=1.2.1 <1.3.0" is a valid semver range for bindings
93 silly addNameRange { name: 'bindings', range: '>=1.2.1 <1.3.0', hasData: false }
94 silly mapToRegistry name bindings
95 silly mapToRegistry using default registry
96 silly mapToRegistry registry https://registry.npm.taobao.org/
97 silly mapToRegistry data Result {
97 silly mapToRegistry   raw: 'bindings',
97 silly mapToRegistry   scope: null,
97 silly mapToRegistry   escapedName: 'bindings',
97 silly mapToRegistry   name: 'bindings',
97 silly mapToRegistry   rawSpec: '',
97 silly mapToRegistry   spec: 'latest',
97 silly mapToRegistry   type: 'tag' }
98 silly mapToRegistry uri https://registry.npm.taobao.org/bindings
99 verbose addNameRange registry:https://registry.npm.taobao.org/bindings not in flight; fetching
100 verbose get https://registry.npm.taobao.org/bindings not expired, no request
101 silly addNameRange number 2 { name: 'bindings', range: '>=1.2.1 <1.3.0', hasData: true }
102 silly addNameRange versions [ 'bindings',
102 silly addNameRange   [ '1.2.1',
102 silly addNameRange     '1.2.0',
102 silly addNameRange     '1.1.1',
102 silly addNameRange     '1.1.0',
102 silly addNameRange     '1.0.0',
102 silly addNameRange     '0.4.0',
102 silly addNameRange     '0.3.0',
102 silly addNameRange     '0.2.4',
102 silly addNameRange     '0.2.3',
102 silly addNameRange     '0.2.2',
102 silly addNameRange     '0.2.1',
102 silly addNameRange     '0.2.0',
102 silly addNameRange     '0.1.1',
102 silly addNameRange     '0.1.0',
102 silly addNameRange     '0.0.1' ] ]
103 silly addNamed bindings@1.2.1
104 verbose addNamed "1.2.1" is a plain semver version for bindings
105 silly cache afterAdd bindings@1.2.1
106 verbose afterAdd /Users/kakachan/.npm/bindings/1.2.1/package/package.json not in flight; writing
107 verbose correctMkdir /Users/kakachan/.npm correctMkdir not in flight; initializing
108 verbose afterAdd /Users/kakachan/.npm/bindings/1.2.1/package/package.json written
109 http 304 https://registry.npm.taobao.org/nan
110 verbose headers { date: 'Fri, 31 Mar 2017 09:16:28 GMT',
110 verbose headers   connection: 'keep-alive',
110 verbose headers   'x-current-requests': '1',
110 verbose headers   etag: '"2034b-izWtk3HEVyjqKKQU3IomceWcPsk"',
110 verbose headers   'x-readtime': '57' }
111 silly get cb [ 304,
111 silly get   { date: 'Fri, 31 Mar 2017 09:16:28 GMT',
111 silly get     connection: 'keep-alive',
111 silly get     'x-current-requests': '1',
111 silly get     etag: '"2034b-izWtk3HEVyjqKKQU3IomceWcPsk"',
111 silly get     'x-readtime': '57' } ]
112 verbose etag https://registry.npm.taobao.org/nan from cache
113 verbose get saving nan to /Users/kakachan/.npm/registry.npm.taobao.org/nan/.cache.json
114 verbose correctMkdir /Users/kakachan/.npm correctMkdir not in flight; initializing
115 silly resolveWithNewModule nan@2.3.5 checking installable status
116 silly cache add args [ 'nan@~2.3.0', null ]
117 verbose cache add spec nan@~2.3.0
118 silly cache add parsed spec Result {
118 silly cache add   raw: 'nan@~2.3.0',
118 silly cache add   scope: null,
118 silly cache add   escapedName: 'nan',
118 silly cache add   name: 'nan',
118 silly cache add   rawSpec: '~2.3.0',
118 silly cache add   spec: '>=2.3.0 <2.4.0',
118 silly cache add   type: 'range' }
119 silly addNamed nan@>=2.3.0 <2.4.0
120 verbose addNamed ">=2.3.0 <2.4.0" is a valid semver range for nan
121 silly addNameRange { name: 'nan', range: '>=2.3.0 <2.4.0', hasData: false }
122 silly mapToRegistry name nan
123 silly mapToRegistry using default registry
124 silly mapToRegistry registry https://registry.npm.taobao.org/
125 silly mapToRegistry data Result {
125 silly mapToRegistry   raw: 'nan',
125 silly mapToRegistry   scope: null,
125 silly mapToRegistry   escapedName: 'nan',
125 silly mapToRegistry   name: 'nan',
125 silly mapToRegistry   rawSpec: '',
125 silly mapToRegistry   spec: 'latest',
125 silly mapToRegistry   type: 'tag' }
126 silly mapToRegistry uri https://registry.npm.taobao.org/nan
127 verbose addNameRange registry:https://registry.npm.taobao.org/nan not in flight; fetching
128 verbose get https://registry.npm.taobao.org/nan not expired, no request
129 silly addNameRange number 2 { name: 'nan', range: '>=2.3.0 <2.4.0', hasData: true }
130 silly addNameRange versions [ 'nan',
130 silly addNameRange   [ '2.5.1',
130 silly addNameRange     '2.5.0',
130 silly addNameRange     '2.4.0',
130 silly addNameRange     '2.3.5',
130 silly addNameRange     '2.3.4',
130 silly addNameRange     '2.3.3',
130 silly addNameRange     '2.3.2',
130 silly addNameRange     '2.3.1',
130 silly addNameRange     '2.3.0',
130 silly addNameRange     '2.2.1',
130 silly addNameRange     '2.2.0',
130 silly addNameRange     '2.1.0',
130 silly addNameRange     '2.0.9',
130 silly addNameRange     '2.0.8',
130 silly addNameRange     '2.0.7',
130 silly addNameRange     '2.0.6',
130 silly addNameRange     '2.0.5',
130 silly addNameRange     '2.0.4',
130 silly addNameRange     '2.0.3',
130 silly addNameRange     '2.0.2',
130 silly addNameRange     '2.0.1',
130 silly addNameRange     '2.0.0',
130 silly addNameRange     '1.9.0',
130 silly addNameRange     '1.8.4',
130 silly addNameRange     '1.8.3',
130 silly addNameRange     '1.8.2',
130 silly addNameRange     '1.8.1',
130 silly addNameRange     '1.8.0',
130 silly addNameRange     '1.7.0',
130 silly addNameRange     '1.6.2',
130 silly addNameRange     '1.6.1',
130 silly addNameRange     '1.5.3',
130 silly addNameRange     '1.6.0',
130 silly addNameRange     '1.5.2',
130 silly addNameRange     '1.5.1',
130 silly addNameRange     '1.4.3',
130 silly addNameRange     '1.4.2',
130 silly addNameRange     '1.5.0',
130 silly addNameRange     '1.4.1',
130 silly addNameRange     '1.4.0',
130 silly addNameRange     '1.3.0',
130 silly addNameRange     '1.2.0',
130 silly addNameRange     '1.1.2',
130 silly addNameRange     '1.1.1',
130 silly addNameRange     '1.1.0',
130 silly addNameRange     '1.0.0',
130 silly addNameRange     '0.8.0',
130 silly addNameRange     '0.7.1',
130 silly addNameRange     '0.7.0',
130 silly addNameRange     '0.6.0',
130 silly addNameRange     '0.5.2',
130 silly addNameRange     '0.5.1',
130 silly addNameRange     '0.5.0',
130 silly addNameRange     '0.4.4',
130 silly addNameRange     '0.4.3',
130 silly addNameRange     '0.4.2',
130 silly addNameRange     '0.4.1',
130 silly addNameRange     '0.4.0',
130 silly addNameRange     '0.3.2',
130 silly addNameRange     '0.3.1',
130 silly addNameRange     '0.3.0',
130 silly addNameRange     '0.3.0-wip2',
130 silly addNameRange     '0.3.0-wip' ] ]
131 silly addNamed nan@2.3.5
132 verbose addNamed "2.3.5" is a plain semver version for nan
133 silly cache afterAdd nan@2.3.5
134 verbose afterAdd /Users/kakachan/.npm/nan/2.3.5/package/package.json not in flight; writing
135 verbose correctMkdir /Users/kakachan/.npm correctMkdir not in flight; initializing
136 verbose afterAdd /Users/kakachan/.npm/nan/2.3.5/package/package.json written
137 silly loadAllDepsIntoIdealTree Finishing
138 silly loadIdealTree Finishing
139 silly currentTree lab1@1.0.0
140 silly idealTree lab1@1.0.0
140 silly idealTree ├── bindings@1.2.1
140 silly idealTree ├── nan@2.3.5
140 silly idealTree └── zmq@2.15.3
141 silly generateActionsToTake Starting
142 silly install generateActionsToTake
143 silly generateActionsToTake Finishing
144 silly diffTrees action count 3
145 silly diffTrees add bindings@1.2.1
146 silly diffTrees add nan@2.3.5
147 silly diffTrees add zmq@2.15.3
148 silly decomposeActions action count 24
149 silly decomposeActions fetch bindings@1.2.1
150 silly decomposeActions extract bindings@1.2.1
151 silly decomposeActions test bindings@1.2.1
152 silly decomposeActions preinstall bindings@1.2.1
153 silly decomposeActions build bindings@1.2.1
154 silly decomposeActions install bindings@1.2.1
155 silly decomposeActions postinstall bindings@1.2.1
156 silly decomposeActions finalize bindings@1.2.1
157 silly decomposeActions fetch nan@2.3.5
158 silly decomposeActions extract nan@2.3.5
159 silly decomposeActions test nan@2.3.5
160 silly decomposeActions preinstall nan@2.3.5
161 silly decomposeActions build nan@2.3.5
162 silly decomposeActions install nan@2.3.5
163 silly decomposeActions postinstall nan@2.3.5
164 silly decomposeActions finalize nan@2.3.5
165 silly decomposeActions fetch zmq@2.15.3
166 silly decomposeActions extract zmq@2.15.3
167 silly decomposeActions test zmq@2.15.3
168 silly decomposeActions preinstall zmq@2.15.3
169 silly decomposeActions build zmq@2.15.3
170 silly decomposeActions install zmq@2.15.3
171 silly decomposeActions postinstall zmq@2.15.3
172 silly decomposeActions finalize zmq@2.15.3
173 silly runTopLevelLifecycles Starting
174 silly executeActions Starting
175 silly install executeActions
176 silly doSerial global-install 0
177 silly doParallel fetch 3
178 verbose correctMkdir /Users/kakachan/.npm/_locks correctMkdir not in flight; initializing
179 verbose lock using /Users/kakachan/.npm/_locks/staging-908fde0c6da55fb6.lock for /Users/kakachan/src/mine/lab-projects/lab1-zeromq-node/node_modules/.staging
180 silly doParallel extract 3
181 silly extract bindings@1.2.1
182 silly extract nan@2.3.5
183 silly extract zmq@2.15.3
184 verbose unbuild node_modules/.staging/bindings-3420d8a9
185 verbose unbuild node_modules/.staging/nan-77cd01c6
186 verbose unbuild node_modules/.staging/zmq-f5d0f587
187 silly gentlyRm /Users/kakachan/src/mine/lab-projects/lab1-zeromq-node/node_modules/.staging/bindings-3420d8a9 is being purged from base /Users/kakachan/src/mine/lab-projects/lab1-zeromq-node
188 verbose gentlyRm don't care about contents; nuking /Users/kakachan/src/mine/lab-projects/lab1-zeromq-node/node_modules/.staging/bindings-3420d8a9
189 silly gentlyRm /Users/kakachan/src/mine/lab-projects/lab1-zeromq-node/node_modules/.staging/nan-77cd01c6 is being purged from base /Users/kakachan/src/mine/lab-projects/lab1-zeromq-node
190 verbose gentlyRm don't care about contents; nuking /Users/kakachan/src/mine/lab-projects/lab1-zeromq-node/node_modules/.staging/nan-77cd01c6
191 silly gentlyRm /Users/kakachan/src/mine/lab-projects/lab1-zeromq-node/node_modules/.staging/zmq-f5d0f587 is being purged from base /Users/kakachan/src/mine/lab-projects/lab1-zeromq-node
192 verbose gentlyRm don't care about contents; nuking /Users/kakachan/src/mine/lab-projects/lab1-zeromq-node/node_modules/.staging/zmq-f5d0f587
193 verbose tar unpack /Users/kakachan/.npm/bindings/1.2.1/package.tgz
194 verbose tar unpacking to /Users/kakachan/src/mine/lab-projects/lab1-zeromq-node/node_modules/.staging/bindings-3420d8a9
195 silly gentlyRm /Users/kakachan/src/mine/lab-projects/lab1-zeromq-node/node_modules/.staging/bindings-3420d8a9 is being purged
196 verbose gentlyRm don't care about contents; nuking /Users/kakachan/src/mine/lab-projects/lab1-zeromq-node/node_modules/.staging/bindings-3420d8a9
197 verbose tar unpack /Users/kakachan/.npm/nan/2.3.5/package.tgz
198 verbose tar unpacking to /Users/kakachan/src/mine/lab-projects/lab1-zeromq-node/node_modules/.staging/nan-77cd01c6
199 silly gentlyRm /Users/kakachan/src/mine/lab-projects/lab1-zeromq-node/node_modules/.staging/nan-77cd01c6 is being purged
200 verbose gentlyRm don't care about contents; nuking /Users/kakachan/src/mine/lab-projects/lab1-zeromq-node/node_modules/.staging/nan-77cd01c6
201 verbose tar unpack /Users/kakachan/.npm/zmq/2.15.3/package.tgz
202 verbose tar unpacking to /Users/kakachan/src/mine/lab-projects/lab1-zeromq-node/node_modules/.staging/zmq-f5d0f587
203 silly gentlyRm /Users/kakachan/src/mine/lab-projects/lab1-zeromq-node/node_modules/.staging/zmq-f5d0f587 is being purged
204 verbose gentlyRm don't care about contents; nuking /Users/kakachan/src/mine/lab-projects/lab1-zeromq-node/node_modules/.staging/zmq-f5d0f587
205 silly gunzTarPerm modes [ '755', '644' ]
206 silly gunzTarPerm modes [ '755', '644' ]
207 silly gunzTarPerm modes [ '755', '644' ]
208 silly gunzTarPerm extractEntry package.json
209 silly gunzTarPerm extractEntry package.json
210 silly gunzTarPerm extractEntry package.json
211 silly gunzTarPerm modified mode [ 'package.json', 436, 420 ]
212 silly gunzTarPerm extractEntry .npmignore
213 silly gunzTarPerm extractEntry README.md
214 silly gunzTarPerm extractEntry README.md
215 silly gunzTarPerm extractEntry bindings.js
216 silly gunzTarPerm extractEntry README.md
217 silly gunzTarPerm modified mode [ 'README.md', 436, 420 ]
218 silly gunzTarPerm extractEntry include_dirs.js
219 silly gunzTarPerm modified mode [ 'include_dirs.js', 436, 420 ]
220 silly gunzTarPerm extractEntry LICENSE
221 silly gunzTarPerm extractEntry index.js
222 silly gunzTarPerm extractEntry nan_converters.h
223 silly gunzTarPerm modified mode [ 'nan_converters.h', 436, 420 ]
224 silly gunzTarPerm extractEntry LICENSE.md
225 silly gunzTarPerm modified mode [ 'LICENSE.md', 436, 420 ]
226 silly gunzTarPerm extractEntry doc/node_misc.md
227 silly gunzTarPerm modified mode [ 'doc/node_misc.md', 436, 420 ]
228 silly gunzTarPerm extractEntry doc/asyncworker.md
229 silly gunzTarPerm modified mode [ 'doc/asyncworker.md', 436, 420 ]
230 silly gunzTarPerm extractEntry binding.gyp
231 silly gunzTarPerm extractEntry Makefile
232 silly gunzTarPerm extractEntry doc/callback.md
233 silly gunzTarPerm modified mode [ 'doc/callback.md', 436, 420 ]
234 silly gunzTarPerm extractEntry doc/converters.md
235 silly gunzTarPerm modified mode [ 'doc/converters.md', 436, 420 ]
236 silly gunzTarPerm extractEntry .travis.yml
237 silly gunzTarPerm extractEntry appveyor.yml
238 silly gunzTarPerm extractEntry doc/errors.md
239 silly gunzTarPerm modified mode [ 'doc/errors.md', 436, 420 ]
240 silly gunzTarPerm extractEntry doc/maybe_types.md
241 silly gunzTarPerm modified mode [ 'doc/maybe_types.md', 436, 420 ]
242 silly gunzTarPerm extractEntry binding.cc
243 silly gunzTarPerm extractEntry examples/dealer_router.js
244 silly gunzTarPerm extractEntry doc/methods.md
245 silly gunzTarPerm modified mode [ 'doc/methods.md', 436, 420 ]
246 silly gunzTarPerm extractEntry doc/new.md
247 silly gunzTarPerm modified mode [ 'doc/new.md', 436, 420 ]
248 silly gentlyRm /Users/kakachan/src/mine/lab-projects/lab1-zeromq-node/node_modules/.staging/bindings-3420d8a9/node_modules is being purged
249 verbose gentlyRm don't care about contents; nuking /Users/kakachan/src/mine/lab-projects/lab1-zeromq-node/node_modules/.staging/bindings-3420d8a9/node_modules
250 silly gunzTarPerm extractEntry examples/pub_sub.js
251 silly gunzTarPerm extractEntry examples/push_pull.js
252 silly gunzTarPerm extractEntry doc/buffers.md
253 silly gunzTarPerm modified mode [ 'doc/buffers.md', 436, 420 ]
254 silly gunzTarPerm extractEntry doc/object_wrappers.md
255 silly gunzTarPerm modified mode [ 'doc/object_wrappers.md', 436, 420 ]
256 silly gunzTarPerm extractEntry examples/rep_req.js
257 silly gunzTarPerm extractEntry examples/req_rep.js
258 silly gunzTarPerm extractEntry doc/persistent.md
259 silly gunzTarPerm modified mode [ 'doc/persistent.md', 436, 420 ]
260 silly gunzTarPerm extractEntry doc/scopes.md
261 silly gunzTarPerm modified mode [ 'doc/scopes.md', 436, 420 ]
262 silly gunzTarPerm extractEntry examples/router_dealer.js
263 silly gunzTarPerm extractEntry examples/rpc.js
264 silly gunzTarPerm extractEntry doc/script.md
265 silly gunzTarPerm modified mode [ 'doc/script.md', 436, 420 ]
266 silly gunzTarPerm extractEntry doc/string_bytes.md
267 silly gunzTarPerm modified mode [ 'doc/string_bytes.md', 436, 420 ]
268 silly gunzTarPerm extractEntry examples/devices/forwarder.js
269 silly gunzTarPerm extractEntry examples/devices/queue.js
270 silly gunzTarPerm extractEntry doc/v8_internals.md
271 silly gunzTarPerm modified mode [ 'doc/v8_internals.md', 436, 420 ]
272 silly gunzTarPerm extractEntry doc/v8_misc.md
273 silly gunzTarPerm modified mode [ 'doc/v8_misc.md', 436, 420 ]
274 silly gunzTarPerm extractEntry examples/devices/streamer.js
275 silly gunzTarPerm extractEntry examples/workers/producer.js
276 silly gunzTarPerm extractEntry examples/workers/worker.js
277 silly gunzTarPerm extractEntry History.md
278 silly gunzTarPerm extractEntry lib/index.js
279 silly gunzTarPerm extractEntry nan.h
280 silly gunzTarPerm modified mode [ 'nan.h', 436, 420 ]
281 silly gunzTarPerm extractEntry nan_callbacks.h
282 silly gunzTarPerm modified mode [ 'nan_callbacks.h', 436, 420 ]
283 silly gunzTarPerm extractEntry nan_callbacks_12_inl.h
284 silly gunzTarPerm modified mode [ 'nan_callbacks_12_inl.h', 436, 420 ]
285 silly gunzTarPerm extractEntry nan_callbacks_pre_12_inl.h
286 silly gunzTarPerm modified mode [ 'nan_callbacks_pre_12_inl.h', 436, 420 ]
287 silly gunzTarPerm extractEntry nan_converters_43_inl.h
288 silly gunzTarPerm modified mode [ 'nan_converters_43_inl.h', 436, 420 ]
289 silly gunzTarPerm extractEntry nan_converters_pre_43_inl.h
290 silly gunzTarPerm modified mode [ 'nan_converters_pre_43_inl.h', 436, 420 ]
291 silly gunzTarPerm extractEntry nan_implementation_12_inl.h
292 silly gunzTarPerm modified mode [ 'nan_implementation_12_inl.h', 436, 420 ]
293 silly gunzTarPerm extractEntry nan_implementation_pre_12_inl.h
294 silly gunzTarPerm modified mode [ 'nan_implementation_pre_12_inl.h', 436, 420 ]
295 silly gunzTarPerm extractEntry nan_maybe_43_inl.h
296 silly gunzTarPerm modified mode [ 'nan_maybe_43_inl.h', 436, 420 ]
297 silly gunzTarPerm extractEntry nan_maybe_pre_43_inl.h
298 silly gunzTarPerm modified mode [ 'nan_maybe_pre_43_inl.h', 436, 420 ]
299 silly gunzTarPerm extractEntry nan_new.h
300 silly gunzTarPerm modified mode [ 'nan_new.h', 436, 420 ]
301 silly gunzTarPerm extractEntry nan_object_wrap.h
302 silly gunzTarPerm modified mode [ 'nan_object_wrap.h', 436, 420 ]
303 silly gunzTarPerm extractEntry nan_persistent_12_inl.h
304 silly gunzTarPerm modified mode [ 'nan_persistent_12_inl.h', 436, 420 ]
305 silly gunzTarPerm extractEntry nan_persistent_pre_12_inl.h
306 silly gunzTarPerm modified mode [ 'nan_persistent_pre_12_inl.h', 436, 420 ]
307 silly gunzTarPerm extractEntry nan_string_bytes.h
308 silly gunzTarPerm modified mode [ 'nan_string_bytes.h', 436, 420 ]
309 silly gunzTarPerm extractEntry nan_typedarray_contents.h
310 silly gunzTarPerm modified mode [ 'nan_typedarray_contents.h', 436, 420 ]
311 silly gunzTarPerm extractEntry nan_weak.h
312 silly gunzTarPerm modified mode [ 'nan_weak.h', 436, 420 ]
313 silly gunzTarPerm extractEntry CHANGELOG.md
314 silly gunzTarPerm modified mode [ 'CHANGELOG.md', 436, 420 ]
315 silly gunzTarPerm extractEntry tools/package.json
316 silly gunzTarPerm modified mode [ 'tools/package.json', 436, 420 ]
317 silly gunzTarPerm extractEntry tools/README.md
318 silly gunzTarPerm modified mode [ 'tools/README.md', 436, 420 ]
319 silly gunzTarPerm extractEntry tools/1to2.js
320 silly gunzTarPerm modified mode [ 'tools/1to2.js', 509, 493 ]
321 silly gunzTarPerm extractEntry test/context.js
322 silly gunzTarPerm extractEntry test/socket.monitor.js
323 silly gunzTarPerm extractEntry test/socket.pair.js
324 silly gunzTarPerm extractEntry test/socket.pub-sub.js
325 silly gunzTarPerm extractEntry test/socket.messages.js
326 silly gunzTarPerm extractEntry test/exports.js
327 silly gunzTarPerm extractEntry test/socket.router.js
328 silly gunzTarPerm extractEntry test/socket.stream.js
329 silly gunzTarPerm extractEntry test/socket.unbind.js
330 silly gunzTarPerm extractEntry test/socket.xpub-xsub.js
331 silly gunzTarPerm extractEntry test/socket.js
332 silly gunzTarPerm extractEntry test/socket.zap.js
333 silly gunzTarPerm extractEntry test/socket.events.js
334 silly gunzTarPerm extractEntry test/zap.js
335 silly gunzTarPerm extractEntry test/socket.error-callback.js
336 silly gunzTarPerm extractEntry test/zmq_proxy.js
337 silly gunzTarPerm extractEntry test/zmq_proxy.xpub-xsub.js
338 silly gunzTarPerm extractEntry test/zmq_proxy.push-pull.js
339 silly gunzTarPerm extractEntry test/gc.js
340 silly gunzTarPerm extractEntry test/zmq_proxy.router-dealer.js
341 silly gunzTarPerm extractEntry test/socket.push-pull.js
342 silly gunzTarPerm extractEntry test/zmq_proxy.xrep-xreq.js
343 silly gunzTarPerm extractEntry test/socket.req-rep.js
344 silly gunzTarPerm extractEntry test/mocha.opts
345 silly gunzTarPerm extractEntry .editorconfig
346 silly gunzTarPerm extractEntry perf/local_lat.js
347 silly gunzTarPerm extractEntry perf/local_thr.js
348 silly gunzTarPerm extractEntry perf/remote_lat.js
349 silly gunzTarPerm extractEntry perf/remote_thr.js
350 silly gunzTarPerm extractEntry windows/include/zmq.h
351 silly gunzTarPerm extractEntry windows/include/zmq_utils.h
352 silly gunzTarPerm extractEntry windows/lib/x64/libzmq-v100-mt-4_0_4.dll
353 silly gunzTarPerm extractEntry windows/lib/x64/libzmq-v100-mt-4_0_4.lib
354 silly gunzTarPerm extractEntry windows/lib/x86/libzmq-v100-mt-4_0_4.dll
355 silly gunzTarPerm extractEntry windows/lib/x86/libzmq-v100-mt-4_0_4.lib
356 silly gentlyRm /Users/kakachan/src/mine/lab-projects/lab1-zeromq-node/node_modules/.staging/nan-77cd01c6/node_modules is being purged
357 verbose gentlyRm don't care about contents; nuking /Users/kakachan/src/mine/lab-projects/lab1-zeromq-node/node_modules/.staging/nan-77cd01c6/node_modules
358 silly gentlyRm /Users/kakachan/src/mine/lab-projects/lab1-zeromq-node/node_modules/.staging/zmq-f5d0f587/node_modules is being purged
359 verbose gentlyRm don't care about contents; nuking /Users/kakachan/src/mine/lab-projects/lab1-zeromq-node/node_modules/.staging/zmq-f5d0f587/node_modules
360 silly doParallel preinstall 3
361 silly preinstall bindings@1.2.1
362 info lifecycle bindings@1.2.1~preinstall: bindings@1.2.1
363 silly preinstall nan@2.3.5
364 info lifecycle nan@2.3.5~preinstall: nan@2.3.5
365 silly preinstall zmq@2.15.3
366 info lifecycle zmq@2.15.3~preinstall: zmq@2.15.3
367 silly lifecycle bindings@1.2.1~preinstall: no script for preinstall, continuing
368 silly lifecycle nan@2.3.5~preinstall: no script for preinstall, continuing
369 silly lifecycle zmq@2.15.3~preinstall: no script for preinstall, continuing
370 silly doReverseSerial remove 0
371 silly doSerial move 0
372 silly doSerial finalize 3
373 silly finalize /Users/kakachan/src/mine/lab-projects/lab1-zeromq-node/node_modules/bindings
374 silly finalize /Users/kakachan/src/mine/lab-projects/lab1-zeromq-node/node_modules/nan
375 silly finalize /Users/kakachan/src/mine/lab-projects/lab1-zeromq-node/node_modules/zmq
376 silly doSerial build 3
377 silly build bindings@1.2.1
378 info linkStuff bindings@1.2.1
379 silly linkStuff bindings@1.2.1 has /Users/kakachan/src/mine/lab-projects/lab1-zeromq-node/node_modules as its parent node_modules
380 verbose linkBins bindings@1.2.1
381 verbose linkMans bindings@1.2.1
382 silly build nan@2.3.5
383 info linkStuff nan@2.3.5
384 silly linkStuff nan@2.3.5 has /Users/kakachan/src/mine/lab-projects/lab1-zeromq-node/node_modules as its parent node_modules
385 verbose linkBins nan@2.3.5
386 verbose linkMans nan@2.3.5
387 silly build zmq@2.15.3
388 info linkStuff zmq@2.15.3
389 silly linkStuff zmq@2.15.3 has /Users/kakachan/src/mine/lab-projects/lab1-zeromq-node/node_modules as its parent node_modules
390 verbose linkBins zmq@2.15.3
391 verbose linkMans zmq@2.15.3
392 silly doSerial global-link 0
393 silly doParallel update-linked 0
394 silly doSerial install 3
395 silly install bindings@1.2.1
396 info lifecycle bindings@1.2.1~install: bindings@1.2.1
397 silly lifecycle bindings@1.2.1~install: no script for install, continuing
398 silly install nan@2.3.5
399 info lifecycle nan@2.3.5~install: nan@2.3.5
400 silly lifecycle nan@2.3.5~install: no script for install, continuing
401 silly install zmq@2.15.3
402 info lifecycle zmq@2.15.3~install: zmq@2.15.3
403 verbose lifecycle zmq@2.15.3~install: unsafe-perm in lifecycle true
404 verbose lifecycle zmq@2.15.3~install: PATH: /usr/local/lib/node_modules/npm/bin/node-gyp-bin:/Users/kakachan/src/mine/lab-projects/lab1-zeromq-node/node_modules/zmq/node_modules/.bin:/Users/kakachan/src/mine/lab-projects/lab1-zeromq-node/node_modules/.bin:/Users/kakachan/.sdkman/candidates/lazybones/current/bin:/Users/kakachan/.sdkman/candidates/gradle/current/bin:/usr/local/bin:/usr/bin:/bin:/usr/sbin:/sbin:/usr/local/go/bin:/usr/local/share/scala/bin:/Users/kakachan/IdeaProjects/GoProxy:/Users/kakachan/Downloads/application/apache-ant-1.9.7/bin:/Users/kakachan/Downloads/application/apache-maven-3.3.9/bin:/Users/kakachan/Downloads/软件/phantomjs-2.1.1-macosx/bin:/usr/local/mysql/bin:/Library/Frameworks/Python.framework/Versions/3.6/bin
405 verbose lifecycle zmq@2.15.3~install: CWD: /Users/kakachan/src/mine/lab-projects/lab1-zeromq-node/node_modules/zmq
406 silly lifecycle zmq@2.15.3~install: Args: [ '-c', 'node-gyp rebuild' ]
407 silly lifecycle zmq@2.15.3~install: Returned: code: 1  signal: null
408 info lifecycle zmq@2.15.3~install: Failed to exec install script
409 verbose unlock done using /Users/kakachan/.npm/_locks/staging-908fde0c6da55fb6.lock for /Users/kakachan/src/mine/lab-projects/lab1-zeromq-node/node_modules/.staging
410 silly rollbackFailedOptional Starting
411 silly gentlyRm /Users/kakachan/src/mine/lab-projects/lab1-zeromq-node/node_modules/bindings is being purged from base /Users/kakachan/src/mine/lab-projects/lab1-zeromq-node
412 verbose gentlyRm don't care about contents; nuking /Users/kakachan/src/mine/lab-projects/lab1-zeromq-node/node_modules/bindings
413 silly gentlyRm /Users/kakachan/src/mine/lab-projects/lab1-zeromq-node/node_modules/bindings is being purged from base /Users/kakachan/src/mine/lab-projects/lab1-zeromq-node
414 verbose gentlyRm don't care about contents; nuking /Users/kakachan/src/mine/lab-projects/lab1-zeromq-node/node_modules/bindings
415 silly gentlyRm /Users/kakachan/src/mine/lab-projects/lab1-zeromq-node/node_modules/bindings is being purged from base /Users/kakachan/src/mine/lab-projects/lab1-zeromq-node
416 verbose gentlyRm don't care about contents; nuking /Users/kakachan/src/mine/lab-projects/lab1-zeromq-node/node_modules/bindings
417 silly gentlyRm /Users/kakachan/src/mine/lab-projects/lab1-zeromq-node/node_modules/bindings is being purged from base /Users/kakachan/src/mine/lab-projects/lab1-zeromq-node
418 verbose gentlyRm don't care about contents; nuking /Users/kakachan/src/mine/lab-projects/lab1-zeromq-node/node_modules/bindings
419 silly gentlyRm /Users/kakachan/src/mine/lab-projects/lab1-zeromq-node/node_modules/bindings is being purged from base /Users/kakachan/src/mine/lab-projects/lab1-zeromq-node
420 verbose gentlyRm don't care about contents; nuking /Users/kakachan/src/mine/lab-projects/lab1-zeromq-node/node_modules/bindings
421 silly gentlyRm /Users/kakachan/src/mine/lab-projects/lab1-zeromq-node/node_modules/bindings is being purged from base /Users/kakachan/src/mine/lab-projects/lab1-zeromq-node
422 verbose gentlyRm don't care about contents; nuking /Users/kakachan/src/mine/lab-projects/lab1-zeromq-node/node_modules/bindings
423 silly gentlyRm /Users/kakachan/src/mine/lab-projects/lab1-zeromq-node/node_modules/bindings is being purged from base /Users/kakachan/src/mine/lab-projects/lab1-zeromq-node
424 verbose gentlyRm don't care about contents; nuking /Users/kakachan/src/mine/lab-projects/lab1-zeromq-node/node_modules/bindings
425 silly gentlyRm /Users/kakachan/src/mine/lab-projects/lab1-zeromq-node/node_modules/bindings is being purged from base /Users/kakachan/src/mine/lab-projects/lab1-zeromq-node
426 verbose gentlyRm don't care about contents; nuking /Users/kakachan/src/mine/lab-projects/lab1-zeromq-node/node_modules/bindings
427 silly gentlyRm /Users/kakachan/src/mine/lab-projects/lab1-zeromq-node/node_modules/nan is being purged from base /Users/kakachan/src/mine/lab-projects/lab1-zeromq-node
428 verbose gentlyRm don't care about contents; nuking /Users/kakachan/src/mine/lab-projects/lab1-zeromq-node/node_modules/nan
429 silly gentlyRm /Users/kakachan/src/mine/lab-projects/lab1-zeromq-node/node_modules/nan is being purged from base /Users/kakachan/src/mine/lab-projects/lab1-zeromq-node
430 verbose gentlyRm don't care about contents; nuking /Users/kakachan/src/mine/lab-projects/lab1-zeromq-node/node_modules/nan
431 silly gentlyRm /Users/kakachan/src/mine/lab-projects/lab1-zeromq-node/node_modules/nan is being purged from base /Users/kakachan/src/mine/lab-projects/lab1-zeromq-node
432 verbose gentlyRm don't care about contents; nuking /Users/kakachan/src/mine/lab-projects/lab1-zeromq-node/node_modules/nan
433 silly gentlyRm /Users/kakachan/src/mine/lab-projects/lab1-zeromq-node/node_modules/nan is being purged from base /Users/kakachan/src/mine/lab-projects/lab1-zeromq-node
434 verbose gentlyRm don't care about contents; nuking /Users/kakachan/src/mine/lab-projects/lab1-zeromq-node/node_modules/nan
435 silly gentlyRm /Users/kakachan/src/mine/lab-projects/lab1-zeromq-node/node_modules/nan is being purged from base /Users/kakachan/src/mine/lab-projects/lab1-zeromq-node
436 verbose gentlyRm don't care about contents; nuking /Users/kakachan/src/mine/lab-projects/lab1-zeromq-node/node_modules/nan
437 silly gentlyRm /Users/kakachan/src/mine/lab-projects/lab1-zeromq-node/node_modules/nan is being purged from base /Users/kakachan/src/mine/lab-projects/lab1-zeromq-node
438 verbose gentlyRm don't care about contents; nuking /Users/kakachan/src/mine/lab-projects/lab1-zeromq-node/node_modules/nan
439 silly gentlyRm /Users/kakachan/src/mine/lab-projects/lab1-zeromq-node/node_modules/nan is being purged from base /Users/kakachan/src/mine/lab-projects/lab1-zeromq-node
440 verbose gentlyRm don't care about contents; nuking /Users/kakachan/src/mine/lab-projects/lab1-zeromq-node/node_modules/nan
441 silly gentlyRm /Users/kakachan/src/mine/lab-projects/lab1-zeromq-node/node_modules/nan is being purged from base /Users/kakachan/src/mine/lab-projects/lab1-zeromq-node
442 verbose gentlyRm don't care about contents; nuking /Users/kakachan/src/mine/lab-projects/lab1-zeromq-node/node_modules/nan
443 silly gentlyRm /Users/kakachan/src/mine/lab-projects/lab1-zeromq-node/node_modules/zmq is being purged from base /Users/kakachan/src/mine/lab-projects/lab1-zeromq-node
444 verbose gentlyRm don't care about contents; nuking /Users/kakachan/src/mine/lab-projects/lab1-zeromq-node/node_modules/zmq
445 silly gentlyRm /Users/kakachan/src/mine/lab-projects/lab1-zeromq-node/node_modules/zmq is being purged from base /Users/kakachan/src/mine/lab-projects/lab1-zeromq-node
446 verbose gentlyRm don't care about contents; nuking /Users/kakachan/src/mine/lab-projects/lab1-zeromq-node/node_modules/zmq
447 silly gentlyRm /Users/kakachan/src/mine/lab-projects/lab1-zeromq-node/node_modules/zmq is being purged from base /Users/kakachan/src/mine/lab-projects/lab1-zeromq-node
448 verbose gentlyRm don't care about contents; nuking /Users/kakachan/src/mine/lab-projects/lab1-zeromq-node/node_modules/zmq
449 silly gentlyRm /Users/kakachan/src/mine/lab-projects/lab1-zeromq-node/node_modules/zmq is being purged from base /Users/kakachan/src/mine/lab-projects/lab1-zeromq-node
450 verbose gentlyRm don't care about contents; nuking /Users/kakachan/src/mine/lab-projects/lab1-zeromq-node/node_modules/zmq
451 silly gentlyRm /Users/kakachan/src/mine/lab-projects/lab1-zeromq-node/node_modules/zmq is being purged from base /Users/kakachan/src/mine/lab-projects/lab1-zeromq-node
452 verbose gentlyRm don't care about contents; nuking /Users/kakachan/src/mine/lab-projects/lab1-zeromq-node/node_modules/zmq
453 silly gentlyRm /Users/kakachan/src/mine/lab-projects/lab1-zeromq-node/node_modules/zmq is being purged from base /Users/kakachan/src/mine/lab-projects/lab1-zeromq-node
454 verbose gentlyRm don't care about contents; nuking /Users/kakachan/src/mine/lab-projects/lab1-zeromq-node/node_modules/zmq
455 silly gentlyRm /Users/kakachan/src/mine/lab-projects/lab1-zeromq-node/node_modules/zmq is being purged from base /Users/kakachan/src/mine/lab-projects/lab1-zeromq-node
456 verbose gentlyRm don't care about contents; nuking /Users/kakachan/src/mine/lab-projects/lab1-zeromq-node/node_modules/zmq
457 silly gentlyRm /Users/kakachan/src/mine/lab-projects/lab1-zeromq-node/node_modules/zmq is being purged from base /Users/kakachan/src/mine/lab-projects/lab1-zeromq-node
458 verbose gentlyRm don't care about contents; nuking /Users/kakachan/src/mine/lab-projects/lab1-zeromq-node/node_modules/zmq
459 silly vacuum-fs purging /Users/kakachan/src/mine/lab-projects/lab1-zeromq-node/node_modules/bindings
460 silly vacuum-fs purging /Users/kakachan/src/mine/lab-projects/lab1-zeromq-node/node_modules/bindings
461 silly vacuum-fs purging /Users/kakachan/src/mine/lab-projects/lab1-zeromq-node/node_modules/bindings
462 silly vacuum-fs purging /Users/kakachan/src/mine/lab-projects/lab1-zeromq-node/node_modules/bindings
463 silly vacuum-fs purging /Users/kakachan/src/mine/lab-projects/lab1-zeromq-node/node_modules/bindings
464 silly vacuum-fs purging /Users/kakachan/src/mine/lab-projects/lab1-zeromq-node/node_modules/bindings
465 silly vacuum-fs purging /Users/kakachan/src/mine/lab-projects/lab1-zeromq-node/node_modules/bindings
466 silly vacuum-fs purging /Users/kakachan/src/mine/lab-projects/lab1-zeromq-node/node_modules/bindings
467 silly vacuum-fs purging /Users/kakachan/src/mine/lab-projects/lab1-zeromq-node/node_modules/nan
468 silly vacuum-fs purging /Users/kakachan/src/mine/lab-projects/lab1-zeromq-node/node_modules/nan
469 silly vacuum-fs purging /Users/kakachan/src/mine/lab-projects/lab1-zeromq-node/node_modules/nan
470 silly vacuum-fs purging /Users/kakachan/src/mine/lab-projects/lab1-zeromq-node/node_modules/nan
471 silly vacuum-fs purging /Users/kakachan/src/mine/lab-projects/lab1-zeromq-node/node_modules/nan
472 silly vacuum-fs purging /Users/kakachan/src/mine/lab-projects/lab1-zeromq-node/node_modules/nan
473 silly vacuum-fs purging /Users/kakachan/src/mine/lab-projects/lab1-zeromq-node/node_modules/nan
474 silly vacuum-fs purging /Users/kakachan/src/mine/lab-projects/lab1-zeromq-node/node_modules/nan
475 silly vacuum-fs purging /Users/kakachan/src/mine/lab-projects/lab1-zeromq-node/node_modules/zmq
476 silly vacuum-fs purging /Users/kakachan/src/mine/lab-projects/lab1-zeromq-node/node_modules/zmq
477 silly vacuum-fs purging /Users/kakachan/src/mine/lab-projects/lab1-zeromq-node/node_modules/zmq
478 silly vacuum-fs purging /Users/kakachan/src/mine/lab-projects/lab1-zeromq-node/node_modules/zmq
479 silly vacuum-fs purging /Users/kakachan/src/mine/lab-projects/lab1-zeromq-node/node_modules/zmq
480 silly vacuum-fs purging /Users/kakachan/src/mine/lab-projects/lab1-zeromq-node/node_modules/zmq
481 silly vacuum-fs purging /Users/kakachan/src/mine/lab-projects/lab1-zeromq-node/node_modules/zmq
482 silly vacuum-fs purging /Users/kakachan/src/mine/lab-projects/lab1-zeromq-node/node_modules/zmq
483 silly vacuum-fs quitting because other entries in /Users/kakachan/src/mine/lab-projects/lab1-zeromq-node/node_modules
484 silly vacuum-fs quitting because other entries in /Users/kakachan/src/mine/lab-projects/lab1-zeromq-node/node_modules
485 silly vacuum-fs quitting because other entries in /Users/kakachan/src/mine/lab-projects/lab1-zeromq-node/node_modules
486 silly vacuum-fs quitting because other entries in /Users/kakachan/src/mine/lab-projects/lab1-zeromq-node/node_modules
487 silly vacuum-fs quitting because other entries in /Users/kakachan/src/mine/lab-projects/lab1-zeromq-node/node_modules
488 silly vacuum-fs quitting because other entries in /Users/kakachan/src/mine/lab-projects/lab1-zeromq-node/node_modules
489 silly vacuum-fs quitting because other entries in /Users/kakachan/src/mine/lab-projects/lab1-zeromq-node/node_modules
490 silly vacuum-fs quitting because other entries in /Users/kakachan/src/mine/lab-projects/lab1-zeromq-node/node_modules
491 silly vacuum-fs quitting because other entries in /Users/kakachan/src/mine/lab-projects/lab1-zeromq-node/node_modules
492 silly vacuum-fs quitting because other entries in /Users/kakachan/src/mine/lab-projects/lab1-zeromq-node/node_modules
493 silly vacuum-fs quitting because other entries in /Users/kakachan/src/mine/lab-projects/lab1-zeromq-node/node_modules
494 silly vacuum-fs quitting because other entries in /Users/kakachan/src/mine/lab-projects/lab1-zeromq-node/node_modules
495 silly vacuum-fs quitting because other entries in /Users/kakachan/src/mine/lab-projects/lab1-zeromq-node/node_modules
496 silly vacuum-fs quitting because other entries in /Users/kakachan/src/mine/lab-projects/lab1-zeromq-node/node_modules
497 silly vacuum-fs quitting because other entries in /Users/kakachan/src/mine/lab-projects/lab1-zeromq-node/node_modules
498 silly vacuum-fs quitting because other entries in /Users/kakachan/src/mine/lab-projects/lab1-zeromq-node/node_modules
499 silly vacuum-fs removing /Users/kakachan/src/mine/lab-projects/lab1-zeromq-node/node_modules
500 silly vacuum-fs removing /Users/kakachan/src/mine/lab-projects/lab1-zeromq-node/node_modules
501 silly vacuum-fs removing /Users/kakachan/src/mine/lab-projects/lab1-zeromq-node/node_modules
502 silly vacuum-fs removing /Users/kakachan/src/mine/lab-projects/lab1-zeromq-node/node_modules
503 silly vacuum-fs removing /Users/kakachan/src/mine/lab-projects/lab1-zeromq-node/node_modules
504 silly vacuum-fs removing /Users/kakachan/src/mine/lab-projects/lab1-zeromq-node/node_modules
505 silly vacuum-fs removing /Users/kakachan/src/mine/lab-projects/lab1-zeromq-node/node_modules
506 silly vacuum-fs removing /Users/kakachan/src/mine/lab-projects/lab1-zeromq-node/node_modules
507 silly vacuum-fs finished vacuuming up to /Users/kakachan/src/mine/lab-projects/lab1-zeromq-node
508 silly vacuum-fs quitting because lost the race to remove /Users/kakachan/src/mine/lab-projects/lab1-zeromq-node/node_modules
509 silly vacuum-fs quitting because lost the race to remove /Users/kakachan/src/mine/lab-projects/lab1-zeromq-node/node_modules
510 silly vacuum-fs quitting because lost the race to remove /Users/kakachan/src/mine/lab-projects/lab1-zeromq-node/node_modules
511 silly vacuum-fs quitting because lost the race to remove /Users/kakachan/src/mine/lab-projects/lab1-zeromq-node/node_modules
512 silly vacuum-fs quitting because lost the race to remove /Users/kakachan/src/mine/lab-projects/lab1-zeromq-node/node_modules
513 silly vacuum-fs quitting because lost the race to remove /Users/kakachan/src/mine/lab-projects/lab1-zeromq-node/node_modules
514 silly vacuum-fs finished vacuuming up to /Users/kakachan/src/mine/lab-projects/lab1-zeromq-node
515 silly rollbackFailedOptional Finishing
516 silly runTopLevelLifecycles Finishing
517 silly install printInstalled
518 warn lab1@1.0.0 No repository field.
519 verbose If you need help, you may report this error at:
519 verbose     <https://github.com/npm/npm/issues>
520 warn lab1@1.0.0 No license field.
521 verbose If you need help, you may report this error at:
521 verbose     <https://github.com/npm/npm/issues>
522 verbose stack Error: zmq@2.15.3 install: `node-gyp rebuild`
522 verbose stack Exit status 1
522 verbose stack     at EventEmitter.<anonymous> (/usr/local/lib/node_modules/npm/lib/utils/lifecycle.js:279:16)
522 verbose stack     at emitTwo (events.js:106:13)
522 verbose stack     at EventEmitter.emit (events.js:191:7)
522 verbose stack     at ChildProcess.<anonymous> (/usr/local/lib/node_modules/npm/lib/utils/spawn.js:40:14)
522 verbose stack     at emitTwo (events.js:106:13)
522 verbose stack     at ChildProcess.emit (events.js:191:7)
522 verbose stack     at maybeClose (internal/child_process.js:885:16)
522 verbose stack     at Process.ChildProcess._handle.onexit (internal/child_process.js:226:5)
523 verbose pkgid zmq@2.15.3
524 verbose cwd /Users/kakachan/src/mine/lab-projects/lab1-zeromq-node
525 error Darwin 15.6.0
526 error argv "/usr/local/bin/node" "/usr/local/bin/npm" "install" "zmq" "--save"
527 error node v7.4.0
528 error npm  v4.0.5
529 error code ELIFECYCLE
530 error zmq@2.15.3 install: `node-gyp rebuild`
530 error Exit status 1
531 error Failed at the zmq@2.15.3 install script 'node-gyp rebuild'.
531 error Make sure you have the latest version of node.js and npm installed.
531 error If you do, this is most likely a problem with the zmq package,
531 error not with npm itself.
531 error Tell the author that this fails on your system:
531 error     node-gyp rebuild
531 error You can get information on how to open an issue for this project with:
531 error     npm bugs zmq
531 error Or if that isn't available, you can get their info via:
531 error     npm owner ls zmq
531 error There is likely additional logging output above.
532 verbose exit [ 1, true ]
